<?xml version="1.0" encoding="UTF-8"?>
<testsuite name="Objects.CreateObjectDemoTest" tests="1" skipped="0" failures="0" errors="0" timestamp="2019-09-10T06:02:16" hostname="sayyid-K46CB" time="0.026">
  <properties/>
  <testcase name="testMain" classname="Objects.CreateObjectDemoTest" time="0.026"/>
  <system-out><![CDATA[main
Width of rectOne: 100
Height of rectOne: 200
Area of rectOne: 20000
X Position of rectTwo: 23
Y Position of rectTwo: 94
X Position of rectTwo: 40
Y Position of rectTwo: 72
]]></system-out>
  <system-err><![CDATA[]]></system-err>
</testsuite>
