<?xml version="1.0" encoding="UTF-8"?>
<testsuite name="First.MyClassTest" tests="1" skipped="0" failures="0" errors="0" timestamp="2019-09-10T04:02:25" hostname="sayyid-K46CB" time="0.017">
  <properties/>
  <testcase name="testMultiply" classname="First.MyClassTest" time="0.017"/>
  <system-out><![CDATA[multiply
]]></system-out>
  <system-err><![CDATA[]]></system-err>
</testsuite>
